2025-09-05 21:21:33,777 [Worker-5: Loading available Gradle versions] INFO  o.e.b.c.i.u.g.PublishedGradleVersions - Gradle version information cache is up-to-date. Trying to read.
2025-09-05 21:24:43,490 [Worker-24: Import Getting Started Content] INFO  o.e.m.c.i.l.LifecycleMappingFactory - Using org.maven.ide.eclipse.wtp.WarLifecycleMapping lifecycle mapping for MavenProject: com.klef:BACKENDTRAVEL:0.0.1-SNAPSHOT @ C:\odd_sem_DevOps\TRAVELBUCKETLIST\BACKENDTRAVEL\pom.xml.
2025-09-05 21:24:45,277 [Worker-24: Import Getting Started Content] INFO  o.e.m.j.i.AbstractJavaProjectConfigurator - Adding source folder /BACKENDTRAVEL/src/main/java
2025-09-05 21:24:45,280 [Worker-24: Import Getting Started Content] INFO  o.e.m.j.i.AbstractJavaProjectConfigurator - Adding resource folder /BACKENDTRAVEL/src/main/resources
2025-09-05 21:24:45,287 [Worker-24: Import Getting Started Content] INFO  o.e.m.j.i.AbstractJavaProjectConfigurator - Adding resource folder /BACKENDTRAVEL/src/main/resources
2025-09-05 21:24:45,290 [Worker-24: Import Getting Started Content] INFO  o.e.m.j.i.AbstractJavaProjectConfigurator - Adding source folder /BACKENDTRAVEL/src/test/java
2025-09-05 21:24:45,291 [Worker-24: Import Getting Started Content] INFO  o.e.m.j.i.AbstractJavaProjectConfigurator - Adding resource folder /BACKENDTRAVEL/src/test/resources
2025-09-05 21:24:49,217 [Worker-24: Import Getting Started Content] INFO  o.e.m.c.i.p.ProjectConfigurationManager - Imported and configured 1 project(s) in 7 sec
2025-09-05 21:24:49,224 [Worker-24: Import Getting Started Content] INFO  o.e.m.c.i.p.ProjectConfigurationManager - Update started
2025-09-05 21:24:49,836 [Worker-24: Import Getting Started Content] INFO  o.e.m.c.i.l.LifecycleMappingFactory - Using org.maven.ide.eclipse.wtp.WarLifecycleMapping lifecycle mapping for MavenProject: com.klef:BACKENDTRAVEL:0.0.1-SNAPSHOT @ C:\odd_sem_DevOps\TRAVELBUCKETLIST\BACKENDTRAVEL\pom.xml.
2025-09-05 21:24:50,777 [Worker-24: Import Getting Started Content] INFO  o.e.m.j.i.AbstractJavaProjectConfigurator - Adding source folder /BACKENDTRAVEL/src/main/java
2025-09-05 21:24:50,778 [Worker-24: Import Getting Started Content] INFO  o.e.m.j.i.AbstractJavaProjectConfigurator - Adding resource folder /BACKENDTRAVEL/src/main/resources
2025-09-05 21:24:50,779 [Worker-24: Import Getting Started Content] INFO  o.e.m.j.i.AbstractJavaProjectConfigurator - Adding resource folder /BACKENDTRAVEL/src/main/resources
2025-09-05 21:24:50,780 [Worker-24: Import Getting Started Content] INFO  o.e.m.j.i.AbstractJavaProjectConfigurator - Adding source folder /BACKENDTRAVEL/src/test/java
2025-09-05 21:24:50,781 [Worker-24: Import Getting Started Content] INFO  o.e.m.j.i.AbstractJavaProjectConfigurator - Adding resource folder /BACKENDTRAVEL/src/test/resources
2025-09-05 21:24:53,017 [Worker-24: Import Getting Started Content] INFO  o.e.m.w.i.f.ResourceFilteringBuildParticipant - Cleaning filtered folder for BACKENDTRAVEL
2025-09-05 21:24:53,043 [Worker-24: Import Getting Started Content] INFO  o.e.m.c.i.p.ProjectConfigurationManager - Update completed for 1 poms: local refresh takes 0.00 sec, refresh facades takes 1.00 sec, update config takes 1.00 sec 
2025-09-05 21:24:54,420 [Worker-6: Building] INFO  o.a.m.s.f.DefaultMavenResourcesFiltering - Copying 1 resource from src\main\resources to target\classes
2025-09-05 21:24:54,476 [Worker-6: Building] INFO  o.a.m.s.f.DefaultMavenResourcesFiltering - Copying 0 resource from src\main\resources to target\classes
2025-09-05 21:24:54,482 [Worker-6: Building] INFO  o.a.m.s.f.DefaultMavenResourcesFiltering - skip non existing resourceDirectory C:\odd_sem_DevOps\TRAVELBUCKETLIST\BACKENDTRAVEL\src\test\resources
2025-09-05 21:24:54,483 [Worker-6: Building] INFO  o.e.m.w.i.f.ResourceFilteringBuildParticipant - Changed resources require a complete clean of filtered resources of BACKENDTRAVEL
2025-09-05 21:24:54,484 [Worker-6: Building] INFO  o.e.m.w.i.f.ResourceFilteringBuildParticipant - Executing resource filtering for BACKENDTRAVEL
2025-09-05 21:30:05,429 [Worker-37: Building] INFO  o.a.m.s.f.DefaultMavenResourcesFiltering - Copying 1 resource from src\main\resources to target\classes
2025-09-05 21:30:05,438 [Worker-37: Building] INFO  o.a.m.s.f.DefaultMavenResourcesFiltering - Copying 0 resource from src\main\resources to target\classes
2025-09-05 21:30:05,444 [Worker-37: Building] INFO  o.a.m.s.f.DefaultMavenResourcesFiltering - skip non existing resourceDirectory C:\odd_sem_DevOps\TRAVELBUCKETLIST\BACKENDTRAVEL\src\test\resources
2025-09-05 21:30:41,222 [Worker-12: Building] INFO  o.a.m.s.f.DefaultMavenResourcesFiltering - Copying 1 resource from src\main\resources to target\classes
2025-09-05 21:30:41,229 [Worker-12: Building] INFO  o.a.m.s.f.DefaultMavenResourcesFiltering - Copying 0 resource from src\main\resources to target\classes
2025-09-05 21:30:41,234 [Worker-12: Building] INFO  o.a.m.s.f.DefaultMavenResourcesFiltering - skip non existing resourceDirectory C:\odd_sem_DevOps\TRAVELBUCKETLIST\BACKENDTRAVEL\src\test\resources
2025-09-05 21:31:12,804 [Worker-24: Building] INFO  o.a.m.s.f.DefaultMavenResourcesFiltering - Copying 1 resource from src\main\resources to target\classes
2025-09-05 21:31:12,804 [Worker-24: Building] INFO  o.a.m.s.f.DefaultMavenResourcesFiltering - Copying 0 resource from src\main\resources to target\classes
2025-09-05 21:31:12,820 [Worker-24: Building] INFO  o.a.m.s.f.DefaultMavenResourcesFiltering - skip non existing resourceDirectory C:\odd_sem_DevOps\TRAVELBUCKETLIST\BACKENDTRAVEL\src\test\resources
2025-09-05 21:31:29,364 [Worker-38: Building] INFO  o.a.m.s.f.DefaultMavenResourcesFiltering - Copying 1 resource from src\main\resources to target\classes
2025-09-05 21:31:29,370 [Worker-38: Building] INFO  o.a.m.s.f.DefaultMavenResourcesFiltering - Copying 0 resource from src\main\resources to target\classes
2025-09-05 21:31:29,373 [Worker-38: Building] INFO  o.a.m.s.f.DefaultMavenResourcesFiltering - skip non existing resourceDirectory C:\odd_sem_DevOps\TRAVELBUCKETLIST\BACKENDTRAVEL\src\test\resources
2025-09-05 21:32:06,371 [Worker-36: Building] INFO  o.a.m.s.f.DefaultMavenResourcesFiltering - Copying 1 resource from src\main\resources to target\classes
2025-09-05 21:32:06,381 [Worker-36: Building] INFO  o.a.m.s.f.DefaultMavenResourcesFiltering - Copying 0 resource from src\main\resources to target\classes
2025-09-05 21:32:06,385 [Worker-36: Building] INFO  o.a.m.s.f.DefaultMavenResourcesFiltering - skip non existing resourceDirectory C:\odd_sem_DevOps\TRAVELBUCKETLIST\BACKENDTRAVEL\src\test\resources
2025-09-05 21:32:35,503 [Worker-12: Building] INFO  o.a.m.s.f.DefaultMavenResourcesFiltering - Copying 1 resource from src\main\resources to target\classes
2025-09-05 21:32:35,521 [Worker-12: Building] INFO  o.a.m.s.f.DefaultMavenResourcesFiltering - Copying 0 resource from src\main\resources to target\classes
2025-09-05 21:32:35,526 [Worker-12: Building] INFO  o.a.m.s.f.DefaultMavenResourcesFiltering - skip non existing resourceDirectory C:\odd_sem_DevOps\TRAVELBUCKETLIST\BACKENDTRAVEL\src\test\resources
2025-09-05 21:33:01,618 [Worker-35: Building] INFO  o.a.m.s.f.DefaultMavenResourcesFiltering - Copying 1 resource from src\main\resources to target\classes
2025-09-05 21:33:01,633 [Worker-35: Building] INFO  o.a.m.s.f.DefaultMavenResourcesFiltering - Copying 0 resource from src\main\resources to target\classes
2025-09-05 21:33:01,637 [Worker-35: Building] INFO  o.a.m.s.f.DefaultMavenResourcesFiltering - skip non existing resourceDirectory C:\odd_sem_DevOps\TRAVELBUCKETLIST\BACKENDTRAVEL\src\test\resources
2025-09-05 21:33:45,513 [Worker-12: Building] INFO  o.a.m.s.f.DefaultMavenResourcesFiltering - Copying 1 resource from src\main\resources to target\classes
2025-09-05 21:33:45,552 [Worker-12: Building] INFO  o.a.m.s.f.DefaultMavenResourcesFiltering - Copying 0 resource from src\main\resources to target\classes
2025-09-05 21:33:45,562 [Worker-12: Building] INFO  o.a.m.s.f.DefaultMavenResourcesFiltering - skip non existing resourceDirectory C:\odd_sem_DevOps\TRAVELBUCKETLIST\BACKENDTRAVEL\src\test\resources
2025-09-05 21:36:44,971 [Worker-6: Updating Maven Project] INFO  o.e.m.c.i.p.ProjectConfigurationManager - Update started
2025-09-05 21:36:45,655 [Worker-6: Updating Maven Project] INFO  o.e.m.c.i.l.LifecycleMappingFactory - Using org.maven.ide.eclipse.wtp.WarLifecycleMapping lifecycle mapping for MavenProject: com.klef:BACKENDTRAVEL:0.0.1-SNAPSHOT @ C:\odd_sem_DevOps\TRAVELBUCKETLIST\BACKENDTRAVEL\pom.xml.
2025-09-05 21:36:46,475 [Worker-6: Updating Maven Project] INFO  o.e.m.j.i.AbstractJavaProjectConfigurator - Adding source folder /BACKENDTRAVEL/src/main/java
2025-09-05 21:36:46,475 [Worker-6: Updating Maven Project] INFO  o.e.m.j.i.AbstractJavaProjectConfigurator - Adding resource folder /BACKENDTRAVEL/src/main/resources
2025-09-05 21:36:46,476 [Worker-6: Updating Maven Project] INFO  o.e.m.j.i.AbstractJavaProjectConfigurator - Adding resource folder /BACKENDTRAVEL/src/main/resources
2025-09-05 21:36:46,477 [Worker-6: Updating Maven Project] INFO  o.e.m.j.i.AbstractJavaProjectConfigurator - Adding source folder /BACKENDTRAVEL/src/test/java
2025-09-05 21:36:46,478 [Worker-6: Updating Maven Project] INFO  o.e.m.j.i.AbstractJavaProjectConfigurator - Adding resource folder /BACKENDTRAVEL/src/test/resources
2025-09-05 21:36:47,588 [Worker-6: Updating Maven Project] INFO  o.e.m.w.i.f.ResourceFilteringBuildParticipant - Cleaning filtered folder for BACKENDTRAVEL
2025-09-05 21:36:47,630 [Worker-6: Updating Maven Project] INFO  o.e.m.c.i.p.ProjectConfigurationManager - Update completed for 1 poms: local refresh takes 0.00 sec, refresh facades takes 1.00 sec, update config takes 1.00 sec 
2025-09-05 21:36:48,061 [Worker-6: Building] INFO  o.a.m.s.f.DefaultMavenResourcesFiltering - Copying 1 resource from src\main\resources to target\classes
2025-09-05 21:36:48,221 [Worker-6: Building] INFO  o.a.m.s.f.DefaultMavenResourcesFiltering - Copying 0 resource from src\main\resources to target\classes
2025-09-05 21:36:48,232 [Worker-6: Building] INFO  o.a.m.s.f.DefaultMavenResourcesFiltering - skip non existing resourceDirectory C:\odd_sem_DevOps\TRAVELBUCKETLIST\BACKENDTRAVEL\src\test\resources
2025-09-05 21:36:48,233 [Worker-6: Building] INFO  o.e.m.w.i.f.ResourceFilteringBuildParticipant - Changed resources require a complete clean of filtered resources of BACKENDTRAVEL
2025-09-05 21:36:48,233 [Worker-6: Building] INFO  o.e.m.w.i.f.ResourceFilteringBuildParticipant - Executing resource filtering for BACKENDTRAVEL
2025-09-05 21:37:22,841 [Worker-36: Building] INFO  o.a.m.s.f.DefaultMavenResourcesFiltering - Copying 1 resource from src\main\resources to target\classes
2025-09-05 21:37:22,849 [Worker-36: Building] INFO  o.a.m.s.f.DefaultMavenResourcesFiltering - Copying 0 resource from src\main\resources to target\classes
2025-09-05 21:37:22,852 [Worker-36: Building] INFO  o.a.m.s.f.DefaultMavenResourcesFiltering - skip non existing resourceDirectory C:\odd_sem_DevOps\TRAVELBUCKETLIST\BACKENDTRAVEL\src\test\resources
2025-09-05 21:37:27,403 [Worker-24: Building] INFO  o.a.m.s.f.DefaultMavenResourcesFiltering - Copying 1 resource from src\main\resources to target\classes
2025-09-05 21:37:27,411 [Worker-24: Building] INFO  o.a.m.s.f.DefaultMavenResourcesFiltering - Copying 0 resource from src\main\resources to target\classes
2025-09-05 21:37:27,414 [Worker-24: Building] INFO  o.a.m.s.f.DefaultMavenResourcesFiltering - skip non existing resourceDirectory C:\odd_sem_DevOps\TRAVELBUCKETLIST\BACKENDTRAVEL\src\test\resources
2025-09-05 21:37:32,736 [Worker-12: Building] INFO  o.a.m.s.f.DefaultMavenResourcesFiltering - Copying 1 resource from src\main\resources to target\classes
2025-09-05 21:37:32,743 [Worker-12: Building] INFO  o.a.m.s.f.DefaultMavenResourcesFiltering - Copying 0 resource from src\main\resources to target\classes
2025-09-05 21:37:32,746 [Worker-12: Building] INFO  o.a.m.s.f.DefaultMavenResourcesFiltering - skip non existing resourceDirectory C:\odd_sem_DevOps\TRAVELBUCKETLIST\BACKENDTRAVEL\src\test\resources
2025-09-05 21:37:36,689 [Worker-6: Building] INFO  o.a.m.s.f.DefaultMavenResourcesFiltering - Copying 1 resource from src\main\resources to target\classes
2025-09-05 21:37:36,693 [Worker-6: Building] INFO  o.a.m.s.f.DefaultMavenResourcesFiltering - Copying 0 resource from src\main\resources to target\classes
2025-09-05 21:37:36,696 [Worker-6: Building] INFO  o.a.m.s.f.DefaultMavenResourcesFiltering - skip non existing resourceDirectory C:\odd_sem_DevOps\TRAVELBUCKETLIST\BACKENDTRAVEL\src\test\resources
2025-09-05 21:39:59,426 [Worker-6: Building] INFO  o.a.m.s.f.DefaultMavenResourcesFiltering - Copying 1 resource from src\main\resources to target\classes
2025-09-05 21:39:59,441 [Worker-6: Building] INFO  o.a.m.s.f.DefaultMavenResourcesFiltering - Copying 0 resource from src\main\resources to target\classes
2025-09-05 21:39:59,445 [Worker-6: Building] INFO  o.a.m.s.f.DefaultMavenResourcesFiltering - skip non existing resourceDirectory C:\odd_sem_DevOps\TRAVELBUCKETLIST\BACKENDTRAVEL\src\test\resources
2025-09-05 21:45:46,068 [Worker-24: Building] INFO  o.e.m.c.i.l.LifecycleMappingFactory - Using org.maven.ide.eclipse.wtp.WarLifecycleMapping lifecycle mapping for MavenProject: com.klef:BACKENDTRAVEL:0.0.1-SNAPSHOT @ C:\odd_sem_DevOps\TRAVELBUCKETLIST\BACKENDTRAVEL\pom.xml.
2025-09-05 21:45:47,134 [Worker-24: Building] INFO  o.a.m.s.f.DefaultMavenResourcesFiltering - Copying 0 resource from src\main\resources to target\classes
2025-09-05 21:45:47,136 [Worker-24: Building] INFO  o.a.m.s.f.DefaultMavenResourcesFiltering - Copying 0 resource from src\main\resources to target\classes
2025-09-05 21:45:47,144 [Worker-24: Building] INFO  o.a.m.s.f.DefaultMavenResourcesFiltering - skip non existing resourceDirectory C:\odd_sem_DevOps\TRAVELBUCKETLIST\BACKENDTRAVEL\src\test\resources
2025-09-05 21:45:47,144 [Worker-24: Building] INFO  o.e.m.w.i.f.ResourceFilteringBuildParticipant - Changed resources require a complete clean of filtered resources of BACKENDTRAVEL
2025-09-05 21:45:47,145 [Worker-24: Building] INFO  o.e.m.w.i.f.ResourceFilteringBuildParticipant - Executing resource filtering for BACKENDTRAVEL
2025-09-05 21:45:48,642 [Worker-42: Building] INFO  o.a.m.s.f.DefaultMavenResourcesFiltering - Copying 1 resource from src\main\resources to target\classes
2025-09-05 21:45:48,682 [Worker-42: Building] INFO  o.a.m.s.f.DefaultMavenResourcesFiltering - Copying 0 resource from src\main\resources to target\classes
2025-09-05 21:45:48,688 [Worker-42: Building] INFO  o.a.m.s.f.DefaultMavenResourcesFiltering - skip non existing resourceDirectory C:\odd_sem_DevOps\TRAVELBUCKETLIST\BACKENDTRAVEL\src\test\resources
2025-09-05 21:47:21,739 [Worker-44: Building] INFO  o.a.m.s.f.DefaultMavenResourcesFiltering - Copying 1 resource from src\main\resources to target\classes
2025-09-05 21:47:21,746 [Worker-44: Building] INFO  o.a.m.s.f.DefaultMavenResourcesFiltering - Copying 0 resource from src\main\resources to target\classes
2025-09-05 21:47:21,749 [Worker-44: Building] INFO  o.a.m.s.f.DefaultMavenResourcesFiltering - skip non existing resourceDirectory C:\odd_sem_DevOps\TRAVELBUCKETLIST\BACKENDTRAVEL\src\test\resources
2025-09-05 21:52:10,121 [Worker-49: Building] INFO  o.a.m.s.f.DefaultMavenResourcesFiltering - Copying 1 resource from src\main\resources to target\classes
2025-09-05 21:52:10,129 [Worker-49: Building] INFO  o.a.m.s.f.DefaultMavenResourcesFiltering - Copying 0 resource from src\main\resources to target\classes
2025-09-05 21:52:10,133 [Worker-49: Building] INFO  o.a.m.s.f.DefaultMavenResourcesFiltering - skip non existing resourceDirectory C:\odd_sem_DevOps\TRAVELBUCKETLIST\BACKENDTRAVEL\src\test\resources
2025-09-05 21:52:57,128 [Worker-48: Launching BACKENDTRAVEL - BackendtravelApplication] INFO  o.a.m.s.f.DefaultMavenResourcesFiltering - Copying 1 resource from src\main\resources to target\classes
2025-09-05 21:52:57,136 [Worker-48: Launching BACKENDTRAVEL - BackendtravelApplication] INFO  o.a.m.s.f.DefaultMavenResourcesFiltering - Copying 0 resource from src\main\resources to target\classes
2025-09-05 21:52:57,140 [Worker-48: Launching BACKENDTRAVEL - BackendtravelApplication] INFO  o.a.m.s.f.DefaultMavenResourcesFiltering - skip non existing resourceDirectory C:\odd_sem_DevOps\TRAVELBUCKETLIST\BACKENDTRAVEL\src\test\resources
2025-09-05 21:53:36,686 [Worker-48: Launching BACKENDTRAVEL - BackendtravelApplication] INFO  o.a.m.s.f.DefaultMavenResourcesFiltering - Copying 1 resource from src\main\resources to target\classes
2025-09-05 21:53:36,696 [Worker-48: Launching BACKENDTRAVEL - BackendtravelApplication] INFO  o.a.m.s.f.DefaultMavenResourcesFiltering - Copying 0 resource from src\main\resources to target\classes
2025-09-05 21:53:36,700 [Worker-48: Launching BACKENDTRAVEL - BackendtravelApplication] INFO  o.a.m.s.f.DefaultMavenResourcesFiltering - skip non existing resourceDirectory C:\odd_sem_DevOps\TRAVELBUCKETLIST\BACKENDTRAVEL\src\test\resources
2025-09-05 21:54:08,875 [Worker-53: Launching BACKENDTRAVEL - BackendtravelApplication] INFO  o.a.m.s.f.DefaultMavenResourcesFiltering - Copying 1 resource from src\main\resources to target\classes
2025-09-05 21:54:08,886 [Worker-53: Launching BACKENDTRAVEL - BackendtravelApplication] INFO  o.a.m.s.f.DefaultMavenResourcesFiltering - Copying 0 resource from src\main\resources to target\classes
2025-09-05 21:54:08,889 [Worker-53: Launching BACKENDTRAVEL - BackendtravelApplication] INFO  o.a.m.s.f.DefaultMavenResourcesFiltering - skip non existing resourceDirectory C:\odd_sem_DevOps\TRAVELBUCKETLIST\BACKENDTRAVEL\src\test\resources
2025-09-05 21:56:46,142 [Worker-53: Building] INFO  o.e.m.c.i.l.LifecycleMappingFactory - Using org.maven.ide.eclipse.wtp.WarLifecycleMapping lifecycle mapping for MavenProject: com.klef:BACKENDTRAVEL:0.0.1-SNAPSHOT @ C:\odd_sem_DevOps\TRAVELBUCKETLIST\BACKENDTRAVEL\pom.xml.
2025-09-05 21:56:46,938 [Worker-53: Building] INFO  o.a.m.s.f.DefaultMavenResourcesFiltering - Copying 0 resource from src\main\resources to target\classes
2025-09-05 21:56:46,938 [Worker-53: Building] INFO  o.a.m.s.f.DefaultMavenResourcesFiltering - Copying 0 resource from src\main\resources to target\classes
2025-09-05 21:56:46,942 [Worker-53: Building] INFO  o.a.m.s.f.DefaultMavenResourcesFiltering - skip non existing resourceDirectory C:\odd_sem_DevOps\TRAVELBUCKETLIST\BACKENDTRAVEL\src\test\resources
2025-09-05 21:56:46,943 [Worker-53: Building] INFO  o.e.m.w.i.f.ResourceFilteringBuildParticipant - Changed resources require a complete clean of filtered resources of BACKENDTRAVEL
2025-09-05 21:56:46,943 [Worker-53: Building] INFO  o.e.m.w.i.f.ResourceFilteringBuildParticipant - Executing resource filtering for BACKENDTRAVEL
2025-09-05 21:59:08,233 [Worker-54: Building] INFO  o.a.m.s.f.DefaultMavenResourcesFiltering - Copying 1 resource from src\main\resources to target\classes
2025-09-05 21:59:08,261 [Worker-54: Building] INFO  o.a.m.s.f.DefaultMavenResourcesFiltering - Copying 0 resource from src\main\resources to target\classes
2025-09-05 21:59:08,267 [Worker-54: Building] INFO  o.a.m.s.f.DefaultMavenResourcesFiltering - skip non existing resourceDirectory C:\odd_sem_DevOps\TRAVELBUCKETLIST\BACKENDTRAVEL\src\test\resources
2025-09-05 21:59:46,725 [Worker-54: Building] INFO  o.a.m.s.f.DefaultMavenResourcesFiltering - Copying 1 resource from src\main\resources to target\classes
2025-09-05 21:59:46,733 [Worker-54: Building] INFO  o.a.m.s.f.DefaultMavenResourcesFiltering - Copying 0 resource from src\main\resources to target\classes
2025-09-05 21:59:46,737 [Worker-54: Building] INFO  o.a.m.s.f.DefaultMavenResourcesFiltering - skip non existing resourceDirectory C:\odd_sem_DevOps\TRAVELBUCKETLIST\BACKENDTRAVEL\src\test\resources
2025-09-05 22:21:44,634 [Worker-60: Launching BACKENDTRAVEL - BackendtravelApplication] INFO  o.a.m.s.f.DefaultMavenResourcesFiltering - Copying 1 resource from src\main\resources to target\classes
2025-09-05 22:21:44,662 [Worker-60: Launching BACKENDTRAVEL - BackendtravelApplication] INFO  o.a.m.s.f.DefaultMavenResourcesFiltering - Copying 0 resource from src\main\resources to target\classes
2025-09-05 22:21:44,666 [Worker-60: Launching BACKENDTRAVEL - BackendtravelApplication] INFO  o.a.m.s.f.DefaultMavenResourcesFiltering - skip non existing resourceDirectory C:\odd_sem_DevOps\TRAVELBUCKETLIST\BACKENDTRAVEL\src\test\resources
2025-09-05 22:23:02,435 [Worker-70: Building] INFO  o.a.m.s.f.DefaultMavenResourcesFiltering - Copying 1 resource from src\main\resources to target\classes
2025-09-05 22:23:02,461 [Worker-70: Building] INFO  o.a.m.s.f.DefaultMavenResourcesFiltering - Copying 0 resource from src\main\resources to target\classes
2025-09-05 22:23:02,464 [Worker-70: Building] INFO  o.a.m.s.f.DefaultMavenResourcesFiltering - skip non existing resourceDirectory C:\odd_sem_DevOps\TRAVELBUCKETLIST\BACKENDTRAVEL\src\test\resources
2025-09-05 22:24:04,689 [Worker-70: Building] INFO  o.a.m.s.f.DefaultMavenResourcesFiltering - Copying 1 resource from src\main\resources to target\classes
2025-09-05 22:24:04,701 [Worker-70: Building] INFO  o.a.m.s.f.DefaultMavenResourcesFiltering - Copying 0 resource from src\main\resources to target\classes
2025-09-05 22:24:04,704 [Worker-70: Building] INFO  o.a.m.s.f.DefaultMavenResourcesFiltering - skip non existing resourceDirectory C:\odd_sem_DevOps\TRAVELBUCKETLIST\BACKENDTRAVEL\src\test\resources
2025-09-05 22:25:24,156 [Worker-73: Building] INFO  o.a.m.s.f.DefaultMavenResourcesFiltering - Copying 1 resource from src\main\resources to target\classes
2025-09-05 22:25:24,161 [Worker-73: Building] INFO  o.a.m.s.f.DefaultMavenResourcesFiltering - Copying 0 resource from src\main\resources to target\classes
2025-09-05 22:25:24,164 [Worker-73: Building] INFO  o.a.m.s.f.DefaultMavenResourcesFiltering - skip non existing resourceDirectory C:\odd_sem_DevOps\TRAVELBUCKETLIST\BACKENDTRAVEL\src\test\resources
2025-09-05 22:26:12,123 [Worker-70: Building] INFO  o.a.m.s.f.DefaultMavenResourcesFiltering - Copying 1 resource from src\main\resources to target\classes
2025-09-05 22:26:12,129 [Worker-70: Building] INFO  o.a.m.s.f.DefaultMavenResourcesFiltering - Copying 0 resource from src\main\resources to target\classes
2025-09-05 22:26:12,132 [Worker-70: Building] INFO  o.a.m.s.f.DefaultMavenResourcesFiltering - skip non existing resourceDirectory C:\odd_sem_DevOps\TRAVELBUCKETLIST\BACKENDTRAVEL\src\test\resources
2025-09-05 22:27:04,752 [Worker-70: Updating Maven Project] INFO  o.e.m.c.i.p.ProjectConfigurationManager - Update started
2025-09-05 22:27:05,070 [Worker-70: Updating Maven Project] INFO  o.e.m.c.i.l.LifecycleMappingFactory - Using org.maven.ide.eclipse.wtp.WarLifecycleMapping lifecycle mapping for MavenProject: com.klef:BACKENDTRAVEL:0.0.1-SNAPSHOT @ C:\odd_sem_DevOps\TRAVELBUCKETLIST\BACKENDTRAVEL\pom.xml.
2025-09-05 22:27:05,496 [Worker-70: Updating Maven Project] INFO  o.e.m.j.i.AbstractJavaProjectConfigurator - Adding source folder /BACKENDTRAVEL/src/main/java
2025-09-05 22:27:05,497 [Worker-70: Updating Maven Project] INFO  o.e.m.j.i.AbstractJavaProjectConfigurator - Adding resource folder /BACKENDTRAVEL/src/main/resources
2025-09-05 22:27:05,497 [Worker-70: Updating Maven Project] INFO  o.e.m.j.i.AbstractJavaProjectConfigurator - Adding resource folder /BACKENDTRAVEL/src/main/resources
2025-09-05 22:27:05,498 [Worker-70: Updating Maven Project] INFO  o.e.m.j.i.AbstractJavaProjectConfigurator - Adding source folder /BACKENDTRAVEL/src/test/java
2025-09-05 22:27:05,498 [Worker-70: Updating Maven Project] INFO  o.e.m.j.i.AbstractJavaProjectConfigurator - Adding resource folder /BACKENDTRAVEL/src/test/resources
2025-09-05 22:27:06,008 [Worker-70: Updating Maven Project] INFO  o.e.m.w.i.f.ResourceFilteringBuildParticipant - Cleaning filtered folder for BACKENDTRAVEL
2025-09-05 22:27:06,043 [Worker-70: Updating Maven Project] INFO  o.e.m.c.i.p.ProjectConfigurationManager - Update completed for 1 poms: local refresh takes 0.00 sec, refresh facades takes 0.00 sec, update config takes 0.00 sec 
2025-09-05 22:27:06,545 [Worker-77: Building] INFO  o.a.m.s.f.DefaultMavenResourcesFiltering - Copying 1 resource from src\main\resources to target\classes
2025-09-05 22:27:06,572 [Worker-77: Building] INFO  o.a.m.s.f.DefaultMavenResourcesFiltering - Copying 0 resource from src\main\resources to target\classes
2025-09-05 22:27:06,576 [Worker-77: Building] INFO  o.a.m.s.f.DefaultMavenResourcesFiltering - skip non existing resourceDirectory C:\odd_sem_DevOps\TRAVELBUCKETLIST\BACKENDTRAVEL\src\test\resources
2025-09-05 22:27:06,576 [Worker-77: Building] INFO  o.e.m.w.i.f.ResourceFilteringBuildParticipant - Changed resources require a complete clean of filtered resources of BACKENDTRAVEL
2025-09-05 22:27:06,577 [Worker-77: Building] INFO  o.e.m.w.i.f.ResourceFilteringBuildParticipant - Executing resource filtering for BACKENDTRAVEL
2025-09-05 22:28:06,621 [Worker-74: Building] INFO  o.a.m.s.f.DefaultMavenResourcesFiltering - Copying 1 resource from src\main\resources to target\classes
2025-09-05 22:28:06,631 [Worker-74: Building] INFO  o.a.m.s.f.DefaultMavenResourcesFiltering - Copying 0 resource from src\main\resources to target\classes
2025-09-05 22:28:06,633 [Worker-74: Building] INFO  o.a.m.s.f.DefaultMavenResourcesFiltering - skip non existing resourceDirectory C:\odd_sem_DevOps\TRAVELBUCKETLIST\BACKENDTRAVEL\src\test\resources
2025-09-05 22:29:01,962 [Worker-74: Building] INFO  o.a.m.s.f.DefaultMavenResourcesFiltering - Copying 1 resource from src\main\resources to target\classes
2025-09-05 22:29:01,971 [Worker-74: Building] INFO  o.a.m.s.f.DefaultMavenResourcesFiltering - Copying 0 resource from src\main\resources to target\classes
2025-09-05 22:29:01,973 [Worker-74: Building] INFO  o.a.m.s.f.DefaultMavenResourcesFiltering - skip non existing resourceDirectory C:\odd_sem_DevOps\TRAVELBUCKETLIST\BACKENDTRAVEL\src\test\resources
2025-09-05 22:29:11,191 [Worker-70: Launching BACKENDTRAVEL - BackendtravelApplication] INFO  o.a.m.s.f.DefaultMavenResourcesFiltering - Copying 1 resource from src\main\resources to target\classes
2025-09-05 22:29:11,202 [Worker-70: Launching BACKENDTRAVEL - BackendtravelApplication] INFO  o.a.m.s.f.DefaultMavenResourcesFiltering - Copying 0 resource from src\main\resources to target\classes
2025-09-05 22:29:11,207 [Worker-70: Launching BACKENDTRAVEL - BackendtravelApplication] INFO  o.a.m.s.f.DefaultMavenResourcesFiltering - skip non existing resourceDirectory C:\odd_sem_DevOps\TRAVELBUCKETLIST\BACKENDTRAVEL\src\test\resources
2025-09-05 22:29:43,923 [Worker-73: Building] INFO  o.a.m.s.f.DefaultMavenResourcesFiltering - Copying 1 resource from src\main\resources to target\classes
2025-09-05 22:29:43,932 [Worker-73: Building] INFO  o.a.m.s.f.DefaultMavenResourcesFiltering - Copying 0 resource from src\main\resources to target\classes
2025-09-05 22:29:43,934 [Worker-73: Building] INFO  o.a.m.s.f.DefaultMavenResourcesFiltering - skip non existing resourceDirectory C:\odd_sem_DevOps\TRAVELBUCKETLIST\BACKENDTRAVEL\src\test\resources
2025-09-05 22:30:20,973 [Worker-70: Building] INFO  o.a.m.s.f.DefaultMavenResourcesFiltering - Copying 1 resource from src\main\resources to target\classes
2025-09-05 22:30:20,985 [Worker-70: Building] INFO  o.a.m.s.f.DefaultMavenResourcesFiltering - Copying 0 resource from src\main\resources to target\classes
2025-09-05 22:30:20,988 [Worker-70: Building] INFO  o.a.m.s.f.DefaultMavenResourcesFiltering - skip non existing resourceDirectory C:\odd_sem_DevOps\TRAVELBUCKETLIST\BACKENDTRAVEL\src\test\resources
2025-09-05 22:30:39,580 [Worker-70: Building] INFO  o.a.m.s.f.DefaultMavenResourcesFiltering - Copying 1 resource from src\main\resources to target\classes
2025-09-05 22:30:39,586 [Worker-70: Building] INFO  o.a.m.s.f.DefaultMavenResourcesFiltering - Copying 0 resource from src\main\resources to target\classes
2025-09-05 22:30:39,588 [Worker-70: Building] INFO  o.a.m.s.f.DefaultMavenResourcesFiltering - skip non existing resourceDirectory C:\odd_sem_DevOps\TRAVELBUCKETLIST\BACKENDTRAVEL\src\test\resources
2025-09-05 22:30:56,859 [Worker-75: Building] INFO  o.a.m.s.f.DefaultMavenResourcesFiltering - Copying 1 resource from src\main\resources to target\classes
2025-09-05 22:30:56,865 [Worker-75: Building] INFO  o.a.m.s.f.DefaultMavenResourcesFiltering - Copying 0 resource from src\main\resources to target\classes
2025-09-05 22:30:56,868 [Worker-75: Building] INFO  o.a.m.s.f.DefaultMavenResourcesFiltering - skip non existing resourceDirectory C:\odd_sem_DevOps\TRAVELBUCKETLIST\BACKENDTRAVEL\src\test\resources
2025-09-05 22:52:56,460 [Worker-94: Launching BACKENDTRAVEL - BackendtravelApplication] INFO  o.a.m.s.f.DefaultMavenResourcesFiltering - Copying 1 resource from src\main\resources to target\classes
2025-09-05 22:52:56,468 [Worker-94: Launching BACKENDTRAVEL - BackendtravelApplication] INFO  o.a.m.s.f.DefaultMavenResourcesFiltering - Copying 0 resource from src\main\resources to target\classes
2025-09-05 22:52:56,471 [Worker-94: Launching BACKENDTRAVEL - BackendtravelApplication] INFO  o.a.m.s.f.DefaultMavenResourcesFiltering - skip non existing resourceDirectory C:\odd_sem_DevOps\TRAVELBUCKETLIST\BACKENDTRAVEL\src\test\resources
2025-09-05 22:55:02,139 [Worker-100: Building] INFO  o.a.m.s.f.DefaultMavenResourcesFiltering - Copying 1 resource from src\main\resources to target\classes
2025-09-05 22:55:02,146 [Worker-100: Building] INFO  o.a.m.s.f.DefaultMavenResourcesFiltering - Copying 0 resource from src\main\resources to target\classes
2025-09-05 22:55:02,149 [Worker-100: Building] INFO  o.a.m.s.f.DefaultMavenResourcesFiltering - skip non existing resourceDirectory C:\odd_sem_DevOps\TRAVELBUCKETLIST\BACKENDTRAVEL\src\test\resources
2025-09-05 22:57:36,650 [Worker-99: Building] INFO  o.a.m.s.f.DefaultMavenResourcesFiltering - Copying 1 resource from src\main\resources to target\classes
2025-09-05 22:57:36,660 [Worker-99: Building] INFO  o.a.m.s.f.DefaultMavenResourcesFiltering - Copying 0 resource from src\main\resources to target\classes
2025-09-05 22:57:36,662 [Worker-99: Building] INFO  o.a.m.s.f.DefaultMavenResourcesFiltering - skip non existing resourceDirectory C:\odd_sem_DevOps\TRAVELBUCKETLIST\BACKENDTRAVEL\src\test\resources
2025-09-05 22:58:00,752 [Worker-101: Building] INFO  o.a.m.s.f.DefaultMavenResourcesFiltering - Copying 1 resource from src\main\resources to target\classes
2025-09-05 22:58:00,761 [Worker-101: Building] INFO  o.a.m.s.f.DefaultMavenResourcesFiltering - Copying 0 resource from src\main\resources to target\classes
2025-09-05 22:58:00,763 [Worker-101: Building] INFO  o.a.m.s.f.DefaultMavenResourcesFiltering - skip non existing resourceDirectory C:\odd_sem_DevOps\TRAVELBUCKETLIST\BACKENDTRAVEL\src\test\resources
2025-09-05 22:58:18,453 [Worker-99: Building] INFO  o.a.m.s.f.DefaultMavenResourcesFiltering - Copying 1 resource from src\main\resources to target\classes
2025-09-05 22:58:18,463 [Worker-99: Building] INFO  o.a.m.s.f.DefaultMavenResourcesFiltering - Copying 0 resource from src\main\resources to target\classes
2025-09-05 22:58:18,465 [Worker-99: Building] INFO  o.a.m.s.f.DefaultMavenResourcesFiltering - skip non existing resourceDirectory C:\odd_sem_DevOps\TRAVELBUCKETLIST\BACKENDTRAVEL\src\test\resources
2025-09-05 22:58:38,848 [Worker-99: Building] INFO  o.a.m.s.f.DefaultMavenResourcesFiltering - Copying 1 resource from src\main\resources to target\classes
2025-09-05 22:58:38,860 [Worker-99: Building] INFO  o.a.m.s.f.DefaultMavenResourcesFiltering - Copying 0 resource from src\main\resources to target\classes
2025-09-05 22:58:38,862 [Worker-99: Building] INFO  o.a.m.s.f.DefaultMavenResourcesFiltering - skip non existing resourceDirectory C:\odd_sem_DevOps\TRAVELBUCKETLIST\BACKENDTRAVEL\src\test\resources
2025-09-05 22:58:40,116 [Worker-98: Building] INFO  o.a.m.s.f.DefaultMavenResourcesFiltering - Copying 1 resource from src\main\resources to target\classes
2025-09-05 22:58:40,123 [Worker-98: Building] INFO  o.a.m.s.f.DefaultMavenResourcesFiltering - Copying 0 resource from src\main\resources to target\classes
2025-09-05 22:58:40,124 [Worker-98: Building] INFO  o.a.m.s.f.DefaultMavenResourcesFiltering - skip non existing resourceDirectory C:\odd_sem_DevOps\TRAVELBUCKETLIST\BACKENDTRAVEL\src\test\resources
2025-09-05 22:59:37,608 [Worker-101: Building] INFO  o.a.m.s.f.DefaultMavenResourcesFiltering - Copying 1 resource from src\main\resources to target\classes
2025-09-05 22:59:37,614 [Worker-101: Building] INFO  o.a.m.s.f.DefaultMavenResourcesFiltering - Copying 0 resource from src\main\resources to target\classes
2025-09-05 22:59:37,616 [Worker-101: Building] INFO  o.a.m.s.f.DefaultMavenResourcesFiltering - skip non existing resourceDirectory C:\odd_sem_DevOps\TRAVELBUCKETLIST\BACKENDTRAVEL\src\test\resources
2025-09-05 22:59:45,940 [Worker-102: Building] INFO  o.a.m.s.f.DefaultMavenResourcesFiltering - Copying 1 resource from src\main\resources to target\classes
2025-09-05 22:59:45,953 [Worker-102: Building] INFO  o.a.m.s.f.DefaultMavenResourcesFiltering - Copying 0 resource from src\main\resources to target\classes
2025-09-05 22:59:45,956 [Worker-102: Building] INFO  o.a.m.s.f.DefaultMavenResourcesFiltering - skip non existing resourceDirectory C:\odd_sem_DevOps\TRAVELBUCKETLIST\BACKENDTRAVEL\src\test\resources
2025-09-05 22:59:50,931 [Worker-104: Building] INFO  o.a.m.s.f.DefaultMavenResourcesFiltering - Copying 1 resource from src\main\resources to target\classes
2025-09-05 22:59:50,939 [Worker-104: Building] INFO  o.a.m.s.f.DefaultMavenResourcesFiltering - Copying 0 resource from src\main\resources to target\classes
2025-09-05 22:59:50,940 [Worker-104: Building] INFO  o.a.m.s.f.DefaultMavenResourcesFiltering - skip non existing resourceDirectory C:\odd_sem_DevOps\TRAVELBUCKETLIST\BACKENDTRAVEL\src\test\resources
2025-09-05 23:00:21,875 [Worker-102: Building] INFO  o.a.m.s.f.DefaultMavenResourcesFiltering - Copying 1 resource from src\main\resources to target\classes
2025-09-05 23:00:21,882 [Worker-102: Building] INFO  o.a.m.s.f.DefaultMavenResourcesFiltering - Copying 0 resource from src\main\resources to target\classes
2025-09-05 23:00:21,884 [Worker-102: Building] INFO  o.a.m.s.f.DefaultMavenResourcesFiltering - skip non existing resourceDirectory C:\odd_sem_DevOps\TRAVELBUCKETLIST\BACKENDTRAVEL\src\test\resources
2025-09-05 23:00:33,486 [Worker-99: Updating Maven Project] INFO  o.e.m.c.i.p.ProjectConfigurationManager - Update started
2025-09-05 23:00:33,719 [Worker-99: Updating Maven Project] INFO  o.e.m.c.i.l.LifecycleMappingFactory - Using org.maven.ide.eclipse.wtp.WarLifecycleMapping lifecycle mapping for MavenProject: com.klef:BACKENDTRAVEL:0.0.1-SNAPSHOT @ C:\odd_sem_DevOps\TRAVELBUCKETLIST\BACKENDTRAVEL\pom.xml.
2025-09-05 23:00:34,123 [Worker-99: Updating Maven Project] INFO  o.e.m.j.i.AbstractJavaProjectConfigurator - Adding source folder /BACKENDTRAVEL/src/main/java
2025-09-05 23:00:34,123 [Worker-99: Updating Maven Project] INFO  o.e.m.j.i.AbstractJavaProjectConfigurator - Adding resource folder /BACKENDTRAVEL/src/main/resources
2025-09-05 23:00:34,123 [Worker-99: Updating Maven Project] INFO  o.e.m.j.i.AbstractJavaProjectConfigurator - Adding resource folder /BACKENDTRAVEL/src/main/resources
2025-09-05 23:00:34,124 [Worker-99: Updating Maven Project] INFO  o.e.m.j.i.AbstractJavaProjectConfigurator - Adding source folder /BACKENDTRAVEL/src/test/java
2025-09-05 23:00:34,124 [Worker-99: Updating Maven Project] INFO  o.e.m.j.i.AbstractJavaProjectConfigurator - Adding resource folder /BACKENDTRAVEL/src/test/resources
2025-09-05 23:00:34,497 [Worker-99: Updating Maven Project] INFO  o.e.m.w.i.f.ResourceFilteringBuildParticipant - Cleaning filtered folder for BACKENDTRAVEL
2025-09-05 23:00:34,521 [Worker-99: Updating Maven Project] INFO  o.e.m.c.i.p.ProjectConfigurationManager - Update completed for 1 poms: local refresh takes 0.00 sec, refresh facades takes 0.00 sec, update config takes 0.00 sec 
2025-09-05 23:00:34,755 [Worker-98: Building] INFO  o.a.m.s.f.DefaultMavenResourcesFiltering - Copying 1 resource from src\main\resources to target\classes
2025-09-05 23:00:34,768 [Worker-98: Building] INFO  o.a.m.s.f.DefaultMavenResourcesFiltering - Copying 0 resource from src\main\resources to target\classes
2025-09-05 23:00:34,771 [Worker-98: Building] INFO  o.a.m.s.f.DefaultMavenResourcesFiltering - skip non existing resourceDirectory C:\odd_sem_DevOps\TRAVELBUCKETLIST\BACKENDTRAVEL\src\test\resources
2025-09-05 23:00:34,771 [Worker-98: Building] INFO  o.e.m.w.i.f.ResourceFilteringBuildParticipant - Changed resources require a complete clean of filtered resources of BACKENDTRAVEL
2025-09-05 23:00:34,771 [Worker-98: Building] INFO  o.e.m.w.i.f.ResourceFilteringBuildParticipant - Executing resource filtering for BACKENDTRAVEL
2025-09-05 23:00:53,375 [Worker-102: Updating Maven Project] INFO  o.e.m.c.i.p.ProjectConfigurationManager - Update started
2025-09-05 23:00:53,562 [Worker-102: Updating Maven Project] INFO  o.e.m.c.i.l.LifecycleMappingFactory - Using org.maven.ide.eclipse.wtp.WarLifecycleMapping lifecycle mapping for MavenProject: com.klef:BACKENDTRAVEL:0.0.1-SNAPSHOT @ C:\odd_sem_DevOps\TRAVELBUCKETLIST\BACKENDTRAVEL\pom.xml.
2025-09-05 23:00:53,850 [Worker-102: Updating Maven Project] INFO  o.e.m.j.i.AbstractJavaProjectConfigurator - Adding source folder /BACKENDTRAVEL/src/main/java
2025-09-05 23:00:53,850 [Worker-102: Updating Maven Project] INFO  o.e.m.j.i.AbstractJavaProjectConfigurator - Adding resource folder /BACKENDTRAVEL/src/main/resources
2025-09-05 23:00:53,850 [Worker-102: Updating Maven Project] INFO  o.e.m.j.i.AbstractJavaProjectConfigurator - Adding resource folder /BACKENDTRAVEL/src/main/resources
2025-09-05 23:00:53,851 [Worker-102: Updating Maven Project] INFO  o.e.m.j.i.AbstractJavaProjectConfigurator - Adding source folder /BACKENDTRAVEL/src/test/java
2025-09-05 23:00:53,851 [Worker-102: Updating Maven Project] INFO  o.e.m.j.i.AbstractJavaProjectConfigurator - Adding resource folder /BACKENDTRAVEL/src/test/resources
2025-09-05 23:00:54,150 [Worker-102: Updating Maven Project] INFO  o.e.m.w.i.f.ResourceFilteringBuildParticipant - Cleaning filtered folder for BACKENDTRAVEL
2025-09-05 23:00:54,174 [Worker-102: Updating Maven Project] INFO  o.e.m.c.i.p.ProjectConfigurationManager - Update completed for 1 poms: local refresh takes 0.00 sec, refresh facades takes 0.00 sec, update config takes 0.00 sec 
2025-09-05 23:00:54,465 [Worker-102: Building] INFO  o.a.m.s.f.DefaultMavenResourcesFiltering - Copying 1 resource from src\main\resources to target\classes
2025-09-05 23:00:54,482 [Worker-102: Building] INFO  o.a.m.s.f.DefaultMavenResourcesFiltering - Copying 0 resource from src\main\resources to target\classes
2025-09-05 23:00:54,485 [Worker-102: Building] INFO  o.a.m.s.f.DefaultMavenResourcesFiltering - skip non existing resourceDirectory C:\odd_sem_DevOps\TRAVELBUCKETLIST\BACKENDTRAVEL\src\test\resources
2025-09-05 23:00:54,485 [Worker-102: Building] INFO  o.e.m.w.i.f.ResourceFilteringBuildParticipant - Changed resources require a complete clean of filtered resources of BACKENDTRAVEL
2025-09-05 23:00:54,485 [Worker-102: Building] INFO  o.e.m.w.i.f.ResourceFilteringBuildParticipant - Executing resource filtering for BACKENDTRAVEL
2025-09-05 23:01:06,729 [Worker-101: Building] INFO  o.a.m.s.f.DefaultMavenResourcesFiltering - Copying 1 resource from src\main\resources to target\classes
2025-09-05 23:01:06,736 [Worker-101: Building] INFO  o.a.m.s.f.DefaultMavenResourcesFiltering - Copying 0 resource from src\main\resources to target\classes
2025-09-05 23:01:06,738 [Worker-101: Building] INFO  o.a.m.s.f.DefaultMavenResourcesFiltering - skip non existing resourceDirectory C:\odd_sem_DevOps\TRAVELBUCKETLIST\BACKENDTRAVEL\src\test\resources
2025-09-05 23:03:31,132 [Worker-90: Building] INFO  o.a.m.s.f.DefaultMavenResourcesFiltering - Copying 1 resource from src\main\resources to target\classes
2025-09-05 23:03:31,136 [Worker-90: Building] INFO  o.a.m.s.f.DefaultMavenResourcesFiltering - Copying 0 resource from src\main\resources to target\classes
2025-09-05 23:03:31,138 [Worker-90: Building] INFO  o.a.m.s.f.DefaultMavenResourcesFiltering - skip non existing resourceDirectory C:\odd_sem_DevOps\TRAVELBUCKETLIST\BACKENDTRAVEL\src\test\resources
2025-09-05 23:08:24,027 [Worker-90: Building] INFO  o.a.m.s.f.DefaultMavenResourcesFiltering - Copying 1 resource from src\main\resources to target\classes
2025-09-05 23:08:24,033 [Worker-90: Building] INFO  o.a.m.s.f.DefaultMavenResourcesFiltering - Copying 0 resource from src\main\resources to target\classes
2025-09-05 23:08:24,034 [Worker-90: Building] INFO  o.a.m.s.f.DefaultMavenResourcesFiltering - skip non existing resourceDirectory C:\odd_sem_DevOps\TRAVELBUCKETLIST\BACKENDTRAVEL\src\test\resources
2025-09-05 23:09:07,542 [Worker-103: Building] INFO  o.a.m.s.f.DefaultMavenResourcesFiltering - Copying 1 resource from src\main\resources to target\classes
2025-09-05 23:09:07,547 [Worker-103: Building] INFO  o.a.m.s.f.DefaultMavenResourcesFiltering - Copying 0 resource from src\main\resources to target\classes
2025-09-05 23:09:07,549 [Worker-103: Building] INFO  o.a.m.s.f.DefaultMavenResourcesFiltering - skip non existing resourceDirectory C:\odd_sem_DevOps\TRAVELBUCKETLIST\BACKENDTRAVEL\src\test\resources
2025-09-05 23:11:52,963 [Worker-112: Building] INFO  o.a.m.s.f.DefaultMavenResourcesFiltering - Copying 1 resource from src\main\resources to target\classes
2025-09-05 23:11:52,970 [Worker-112: Building] INFO  o.a.m.s.f.DefaultMavenResourcesFiltering - Copying 0 resource from src\main\resources to target\classes
2025-09-05 23:11:52,972 [Worker-112: Building] INFO  o.a.m.s.f.DefaultMavenResourcesFiltering - skip non existing resourceDirectory C:\odd_sem_DevOps\TRAVELBUCKETLIST\BACKENDTRAVEL\src\test\resources
2025-09-05 23:11:54,108 [Worker-113: Building] INFO  o.a.m.s.f.DefaultMavenResourcesFiltering - Copying 1 resource from src\main\resources to target\classes
2025-09-05 23:11:54,114 [Worker-113: Building] INFO  o.a.m.s.f.DefaultMavenResourcesFiltering - Copying 0 resource from src\main\resources to target\classes
2025-09-05 23:11:54,115 [Worker-113: Building] INFO  o.a.m.s.f.DefaultMavenResourcesFiltering - skip non existing resourceDirectory C:\odd_sem_DevOps\TRAVELBUCKETLIST\BACKENDTRAVEL\src\test\resources
2025-09-05 23:11:57,765 [Worker-112: Building] INFO  o.a.m.s.f.DefaultMavenResourcesFiltering - Copying 1 resource from src\main\resources to target\classes
2025-09-05 23:11:57,771 [Worker-112: Building] INFO  o.a.m.s.f.DefaultMavenResourcesFiltering - Copying 0 resource from src\main\resources to target\classes
2025-09-05 23:11:57,773 [Worker-112: Building] INFO  o.a.m.s.f.DefaultMavenResourcesFiltering - skip non existing resourceDirectory C:\odd_sem_DevOps\TRAVELBUCKETLIST\BACKENDTRAVEL\src\test\resources
2025-09-05 23:13:08,972 [Worker-116: Building] INFO  o.a.m.s.f.DefaultMavenResourcesFiltering - Copying 1 resource from src\main\resources to target\classes
2025-09-05 23:13:08,977 [Worker-116: Building] INFO  o.a.m.s.f.DefaultMavenResourcesFiltering - Copying 0 resource from src\main\resources to target\classes
2025-09-05 23:13:08,979 [Worker-116: Building] INFO  o.a.m.s.f.DefaultMavenResourcesFiltering - skip non existing resourceDirectory C:\odd_sem_DevOps\TRAVELBUCKETLIST\BACKENDTRAVEL\src\test\resources
2025-09-05 23:14:39,725 [Worker-115: Building] INFO  o.a.m.s.f.DefaultMavenResourcesFiltering - Copying 1 resource from src\main\resources to target\classes
2025-09-05 23:14:39,735 [Worker-115: Building] INFO  o.a.m.s.f.DefaultMavenResourcesFiltering - Copying 0 resource from src\main\resources to target\classes
2025-09-05 23:14:39,737 [Worker-115: Building] INFO  o.a.m.s.f.DefaultMavenResourcesFiltering - skip non existing resourceDirectory C:\odd_sem_DevOps\TRAVELBUCKETLIST\BACKENDTRAVEL\src\test\resources
2025-09-05 23:20:48,400 [Worker-120: Building] INFO  o.a.m.s.f.DefaultMavenResourcesFiltering - Copying 1 resource from src\main\resources to target\classes
2025-09-05 23:20:48,406 [Worker-120: Building] INFO  o.a.m.s.f.DefaultMavenResourcesFiltering - Copying 0 resource from src\main\resources to target\classes
2025-09-05 23:20:48,408 [Worker-120: Building] INFO  o.a.m.s.f.DefaultMavenResourcesFiltering - skip non existing resourceDirectory C:\odd_sem_DevOps\TRAVELBUCKETLIST\BACKENDTRAVEL\src\test\resources
2025-09-05 23:27:26,073 [Worker-120: Building] INFO  o.a.m.s.f.DefaultMavenResourcesFiltering - Copying 1 resource from src\main\resources to target\classes
2025-09-05 23:27:26,079 [Worker-120: Building] INFO  o.a.m.s.f.DefaultMavenResourcesFiltering - Copying 0 resource from src\main\resources to target\classes
2025-09-05 23:27:26,081 [Worker-120: Building] INFO  o.a.m.s.f.DefaultMavenResourcesFiltering - skip non existing resourceDirectory C:\odd_sem_DevOps\TRAVELBUCKETLIST\BACKENDTRAVEL\src\test\resources
2025-09-05 23:27:42,583 [Worker-125: Building] INFO  o.a.m.s.f.DefaultMavenResourcesFiltering - Copying 1 resource from src\main\resources to target\classes
2025-09-05 23:27:42,590 [Worker-125: Building] INFO  o.a.m.s.f.DefaultMavenResourcesFiltering - Copying 0 resource from src\main\resources to target\classes
2025-09-05 23:27:42,592 [Worker-125: Building] INFO  o.a.m.s.f.DefaultMavenResourcesFiltering - skip non existing resourceDirectory C:\odd_sem_DevOps\TRAVELBUCKETLIST\BACKENDTRAVEL\src\test\resources
2025-09-05 23:33:03,967 [Worker-126: Building] INFO  o.a.m.s.f.DefaultMavenResourcesFiltering - Copying 1 resource from src\main\resources to target\classes
2025-09-05 23:33:03,973 [Worker-126: Building] INFO  o.a.m.s.f.DefaultMavenResourcesFiltering - Copying 0 resource from src\main\resources to target\classes
2025-09-05 23:33:03,977 [Worker-126: Building] INFO  o.a.m.s.f.DefaultMavenResourcesFiltering - skip non existing resourceDirectory C:\odd_sem_DevOps\TRAVELBUCKETLIST\BACKENDTRAVEL\src\test\resources
2025-09-05 23:33:27,633 [Worker-126: Building] INFO  o.a.m.s.f.DefaultMavenResourcesFiltering - Copying 1 resource from src\main\resources to target\classes
2025-09-05 23:33:27,639 [Worker-126: Building] INFO  o.a.m.s.f.DefaultMavenResourcesFiltering - Copying 0 resource from src\main\resources to target\classes
2025-09-05 23:33:27,641 [Worker-126: Building] INFO  o.a.m.s.f.DefaultMavenResourcesFiltering - skip non existing resourceDirectory C:\odd_sem_DevOps\TRAVELBUCKETLIST\BACKENDTRAVEL\src\test\resources
